Using pre-set license
Built from '6000.1/staging' branch; Version is '6000.1.1f1 (7197418f847b) revision 7444289'; Using compiler version '194234433'; Build Type 'Release'
OS: 'Windows 11  (10.0.26100) 64bit Professional' Language: 'en' Physical Memory: 65371 MB
BatchMode: 1, IsHumanControllingUs: 0, StartBugReporterOnCrash: 0, Is64bit: 1, IsPro: 1
Date: 2025-05-07T19:43:54Z

COMMAND LINE ARGUMENTS:
C:\Program Files\Unity\Hub\Editor\6000.1.1f1\Editor\Unity.exe
-adb2
-batchMode
-noUpm
-name
AssetImportWorker8
-projectPath
C:/Users/Admin/Desktop/ArtTest
-logFile
Logs/AssetImportWorker8.log
-srvPort
55345
-job-worker-count
7
-background-job-worker-count
8
-gc-helper-count
1
-name
AssetImport
Successfully changed project path to: C:/Users/Admin/Desktop/ArtTest
C:/Users/Admin/Desktop/ArtTest
[UnityMemory] Configuration Parameters - Can be set up in boot.config
    "memorysetup-allocator-temp-initial-block-size-main=262144"
    "memorysetup-allocator-temp-initial-block-size-worker=262144"
    "memorysetup-bucket-allocator-granularity=16"
    "memorysetup-bucket-allocator-bucket-count=8"
    "memorysetup-bucket-allocator-block-size=33554432"
    "memorysetup-bucket-allocator-block-count=8"
    "memorysetup-main-allocator-block-size=16777216"
    "memorysetup-thread-allocator-block-size=16777216"
    "memorysetup-gfx-main-allocator-block-size=16777216"
    "memorysetup-gfx-thread-allocator-block-size=16777216"
    "memorysetup-cache-allocator-block-size=4194304"
    "memorysetup-typetree-allocator-block-size=2097152"
    "memorysetup-profiler-bucket-allocator-granularity=16"
    "memorysetup-profiler-bucket-allocator-bucket-count=8"
    "memorysetup-profiler-bucket-allocator-block-size=33554432"
    "memorysetup-profiler-bucket-allocator-block-count=8"
    "memorysetup-profiler-allocator-block-size=16777216"
    "memorysetup-profiler-editor-allocator-block-size=1048576"
    "memorysetup-temp-allocator-size-main=16777216"
    "memorysetup-job-temp-allocator-block-size=2097152"
    "memorysetup-job-temp-allocator-block-size-background=1048576"
    "memorysetup-job-temp-allocator-reduction-small-platforms=262144"
    "memorysetup-temp-allocator-size-background-worker=32768"
    "memorysetup-temp-allocator-size-job-worker=262144"
    "memorysetup-temp-allocator-size-preload-manager=33554432"
    "memorysetup-temp-allocator-size-nav-mesh-worker=65536"
    "memorysetup-temp-allocator-size-audio-worker=65536"
    "memorysetup-temp-allocator-size-cloud-worker=32768"
    "memorysetup-temp-allocator-size-gi-baking-worker=262144"
    "memorysetup-temp-allocator-size-gi-baking-worker=262144"
    "memorysetup-temp-allocator-size-gi-baking-worker=262144"
    "memorysetup-temp-allocator-size-gi-baking-worker=262144"
    "memorysetup-temp-allocator-size-gi-baking-worker=262144"
    "memorysetup-temp-allocator-size-gfx=262144"
Player connection [8424]  Target information:

Player connection [8424]  * "[IP] 192.168.1.6 [Port] 0 [Flags] 2 [Guid] 2616322427 [EditorId] 2616322427 [Version] 1048832 [Id] WindowsEditor(7,PhuongPhung) [Debug] 1 [PackageName] WindowsEditor [ProjectName] Editor" 

Player connection [8424] Host joined multi-casting on [225.0.0.222:54997]...
Player connection [8424] Host joined alternative multi-casting on [225.0.0.222:34997]...
JobSystem: Creating JobQueue using job-worker-count value 7
Input System module state changed to: Initialized.
[Physics::Module] Initialized fallback backend.
[Physics::Module] Id: 0xdecafbad
Library Redirect Path: Library/
[Physics::Module] Selected backend.
[Physics::Module] Name: PhysX
[Physics::Module] Id: 0xf2b8ea05
[Physics::Module] SDK Version: 4.1.2
[Physics::Module] Integration Version: 1.0.0
[Physics::Module] Threading Mode: Multi-Threaded
Refreshing native plugins compatible for Editor in 2.91 ms, found 3 plugins.
Preloading 0 native plugins for Editor in 0.00 ms.
Initialize engine version: 6000.1.1f1 (7197418f847b)
[Subsystems] Discovering subsystems at path C:/Program Files/Unity/Hub/Editor/6000.1.1f1/Editor/Data/Resources/UnitySubsystems
[Subsystems] Discovering subsystems at path C:/Users/Admin/Desktop/ArtTest/Assets
GfxDevice: creating device client; kGfxThreadingModeNonThreaded
Direct3D:
    Version:         Direct3D 12 [level 12.1]
    Renderer:        NVIDIA GeForce RTX 4070 (ID=0x2786)
    Vendor:          NVIDIA
    VRAM:            12012 MB
    App VRAM Budget: 11244 MB
    Driver:          32.0.15.6094
Initialize mono
Mono path[0] = 'C:/Program Files/Unity/Hub/Editor/6000.1.1f1/Editor/Data/Managed'
Mono path[1] = 'C:/Program Files/Unity/Hub/Editor/6000.1.1f1/Editor/Data/MonoBleedingEdge/lib/mono/unityjit-win32'
Mono config path = 'C:/Program Files/Unity/Hub/Editor/6000.1.1f1/Editor/Data/MonoBleedingEdge/etc'
Using monoOptions --debugger-agent=transport=dt_socket,embedding=1,server=y,suspend=n,address=127.0.0.1:56656
Begin MonoManager ReloadAssembly
Registering precompiled unity dll's ...
Register platform support module: C:/Program Files/Unity/Hub/Editor/6000.1.1f1/Editor/Data/PlaybackEngines/WebGLSupport/UnityEditor.WebGL.Extensions.dll
Register platform support module: C:/Program Files/Unity/Hub/Editor/6000.1.1f1/Editor/Data/PlaybackEngines/WindowsStandaloneSupport/UnityEditor.WindowsStandalone.Extensions.dll
Registered in 0.001370 seconds.
- Loaded All Assemblies, in  0.377 seconds
Native extension for WindowsStandalone target not found
Native extension for WebGL target not found
Mono: successfully reloaded assembly
- Finished resetting the current domain, in  0.366 seconds
Domain Reload Profiling: 741ms
	BeginReloadAssembly (120ms)
		ExecutionOrderSort (0ms)
		DisableScriptedObjects (0ms)
		BackupInstance (0ms)
		ReleaseScriptingObjects (0ms)
		CreateAndSetChildDomain (1ms)
	RebuildCommonClasses (36ms)
	RebuildNativeTypeToScriptingClass (11ms)
	initialDomainReloadingComplete (44ms)
	LoadAllAssembliesAndSetupDomain (165ms)
		LoadAssemblies (118ms)
		RebuildTransferFunctionScriptingTraits (0ms)
		AnalyzeDomain (161ms)
			TypeCache.Refresh (160ms)
				TypeCache.ScanAssembly (148ms)
			BuildScriptInfoCaches (0ms)
			ResolveRequiredComponents (1ms)
	FinalizeReload (366ms)
		ReleaseScriptCaches (0ms)
		RebuildScriptCaches (0ms)
		SetupLoadedEditorAssemblies (322ms)
			LogAssemblyErrors (0ms)
			InitializePlatformSupportModulesInManaged (62ms)
			SetLoadedEditorAssemblies (5ms)
			BeforeProcessingInitializeOnLoad (73ms)
			ProcessInitializeOnLoadAttributes (129ms)
			ProcessInitializeOnLoadMethodAttributes (53ms)
			AfterProcessingInitializeOnLoad (0ms)
			EditorAssembliesLoaded (0ms)
		ExecutionOrderSort2 (0ms)
		AwakeInstancesAfterBackupRestoration (0ms)
========================================================================
Worker process is ready to serve import requests
Import Worker Mode flag is 0x00
Begin MonoManager ReloadAssembly
- Loaded All Assemblies, in  0.708 seconds
Refreshing native plugins compatible for Editor in 0.73 ms, found 3 plugins.
Native extension for WindowsStandalone target not found
Native extension for WebGL target not found
Mono: successfully reloaded assembly
- Finished resetting the current domain, in  0.700 seconds
Domain Reload Profiling: 1404ms
	BeginReloadAssembly (161ms)
		ExecutionOrderSort (0ms)
		DisableScriptedObjects (6ms)
		BackupInstance (0ms)
		ReleaseScriptingObjects (0ms)
		CreateAndSetChildDomain (26ms)
	RebuildCommonClasses (35ms)
	RebuildNativeTypeToScriptingClass (10ms)
	initialDomainReloadingComplete (39ms)
	LoadAllAssembliesAndSetupDomain (460ms)
		LoadAssemblies (323ms)
		RebuildTransferFunctionScriptingTraits (0ms)
		AnalyzeDomain (230ms)
			TypeCache.Refresh (169ms)
				TypeCache.ScanAssembly (155ms)
			BuildScriptInfoCaches (44ms)
			ResolveRequiredComponents (12ms)
	FinalizeReload (700ms)
		ReleaseScriptCaches (0ms)
		RebuildScriptCaches (0ms)
		SetupLoadedEditorAssemblies (520ms)
			LogAssemblyErrors (0ms)
			InitializePlatformSupportModulesInManaged (3ms)
			SetLoadedEditorAssemblies (3ms)
			BeforeProcessingInitializeOnLoad (105ms)
			ProcessInitializeOnLoadAttributes (353ms)
			ProcessInitializeOnLoadMethodAttributes (52ms)
			AfterProcessingInitializeOnLoad (3ms)
			EditorAssembliesLoaded (0ms)
		ExecutionOrderSort2 (0ms)
		AwakeInstancesAfterBackupRestoration (6ms)
Launched and connected shader compiler UnityShaderCompiler.exe after 0.02 seconds
Refreshing native plugins compatible for Editor in 0.82 ms, found 3 plugins.
Preloading 0 native plugins for Editor in 0.00 ms.
Unloading 231 Unused Serialized files (Serialized files now loaded: 0)
Unloading 6003 unused Assets / (4.9 MB). Loaded Objects now: 6733.
Memory consumption went from 253.4 MB to 248.5 MB.
Total: 8.077400 ms (FindLiveObjects: 0.596200 ms CreateObjectMapping: 0.467900 ms MarkObjects: 4.713300 ms  DeleteObjects: 2.298800 ms)

========================================================================
Received Import Request.
  Time since last request: 1653339.000116 seconds.
  path: Assets/The Developer Train/Sci Fi Guns/Gun Stats
  artifactKey: Guid(a2559f4e723ad694cb0debf8d067c06e) Importer(815301076,1909f56bfc062723c751e8b465ee728b)
Start importing Assets/The Developer Train/Sci Fi Guns/Gun Stats using Guid(a2559f4e723ad694cb0debf8d067c06e) Importer(815301076,1909f56bfc062723c751e8b465ee728b) (PreviewImporter) -> (artifact id: 'eacaebd5b7ac8fa5759c1a80e16108b3') in 0.0082395 seconds
Number of updated asset objects reloaded before import = 11Number of asset objects unloaded after import = 0

========================================================================
Received Import Request.
  Time since last request: 0.019046 seconds.
  path: Assets/The Developer Train/Sci Fi Guns/Gun Stats/Pistol Preset 1.asset
  artifactKey: Guid(607a682fdf44adc4cb83aefec22d3e82) Importer(815301076,1909f56bfc062723c751e8b465ee728b)
Start importing Assets/The Developer Train/Sci Fi Guns/Gun Stats/Pistol Preset 1.asset using Guid(607a682fdf44adc4cb83aefec22d3e82) Importer(815301076,1909f56bfc062723c751e8b465ee728b) (PreviewImporter) -> (artifact id: 'aac87d6d31aa6b7543e36a9fa54d35d2') in 0.0038708 seconds
Number of updated asset objects reloaded before import = 0Number of asset objects unloaded after import = 1

========================================================================
Received Import Request.
  Time since last request: 0.000013 seconds.
  path: Assets/The Developer Train/Sci Fi Guns/Gun Stats/SMG Preset 3.asset
  artifactKey: Guid(218ea65448ed28c40b2249a639ffa33f) Importer(815301076,1909f56bfc062723c751e8b465ee728b)
Start importing Assets/The Developer Train/Sci Fi Guns/Gun Stats/SMG Preset 3.asset using Guid(218ea65448ed28c40b2249a639ffa33f) Importer(815301076,1909f56bfc062723c751e8b465ee728b) (PreviewImporter) -> (artifact id: '5f2bb0c55cedcc9a73d047fd3416af4c') in 0.0011022 seconds
Number of updated asset objects reloaded before import = 0Number of asset objects unloaded after import = 1

========================================================================
Received Import Request.
  Time since last request: 0.000018 seconds.
  path: Assets/The Developer Train/Sci Fi Guns/Gun Stats/Railgun Preset 2.asset
  artifactKey: Guid(48f4be4bd55a8a145af1262cd4e633eb) Importer(815301076,1909f56bfc062723c751e8b465ee728b)
Start importing Assets/The Developer Train/Sci Fi Guns/Gun Stats/Railgun Preset 2.asset using Guid(48f4be4bd55a8a145af1262cd4e633eb) Importer(815301076,1909f56bfc062723c751e8b465ee728b) (PreviewImporter) -> (artifact id: '06be1ee8f7b9199f07a56dc7a2298656') in 0.0011203 seconds
Number of updated asset objects reloaded before import = 0Number of asset objects unloaded after import = 1

========================================================================
Received Import Request.
  Time since last request: 133.469625 seconds.
  path: Assets/ArtTest/Prefabs/Maloran3518 (1).prefab
  artifactKey: Guid(12e9d4562d5f43b41a9eb21deb4959b9) Importer(815301076,1909f56bfc062723c751e8b465ee728b)
Start importing Assets/ArtTest/Prefabs/Maloran3518 (1).prefab using Guid(12e9d4562d5f43b41a9eb21deb4959b9) Importer(815301076,1909f56bfc062723c751e8b465ee728b) (PreviewImporter) -> (artifact id: 'fd69c1781251fa73a739c14d4c0b7e08') in 0.5384543 seconds
Number of updated asset objects reloaded before import = 0Number of asset objects unloaded after import = 95

========================================================================
Received Import Request.
  Time since last request: 7.174828 seconds.
  path: Assets/ArtTest/Prefabs/Maloran3518 (2).prefab
  artifactKey: Guid(e188bb7503d9aad4b826791904323ef3) Importer(815301076,1909f56bfc062723c751e8b465ee728b)
Start importing Assets/ArtTest/Prefabs/Maloran3518 (2).prefab using Guid(e188bb7503d9aad4b826791904323ef3) Importer(815301076,1909f56bfc062723c751e8b465ee728b) (PreviewImporter) -> (artifact id: '200a69ce9a65e645816f7f15204431f8') in 0.0429145 seconds
Number of updated asset objects reloaded before import = 0Number of asset objects unloaded after import = 95

========================================================================
Received Import Request.
  Time since last request: 7.630270 seconds.
  path: Assets/ArtTest/Materials/Material.001.mat
  artifactKey: Guid(58200b023e9fa214b894073f9c9633aa) Importer(815301076,1909f56bfc062723c751e8b465ee728b)
Start importing Assets/ArtTest/Materials/Material.001.mat using Guid(58200b023e9fa214b894073f9c9633aa) Importer(815301076,1909f56bfc062723c751e8b465ee728b) (PreviewImporter) -> (artifact id: '287e89cec8580ba888a99eeb9e932ed6') in 0.031395 seconds
Number of updated asset objects reloaded before import = 0Number of asset objects unloaded after import = 7

========================================================================
Received Import Request.
  Time since last request: 12.952170 seconds.
  path: Assets/ArtTest/Materials/M_M14_Electric 1.mat
  artifactKey: Guid(03b518485b9eb1a44ae00f03f9f2d6db) Importer(815301076,1909f56bfc062723c751e8b465ee728b)
Start importing Assets/ArtTest/Materials/M_M14_Electric 1.mat using Guid(03b518485b9eb1a44ae00f03f9f2d6db) Importer(815301076,1909f56bfc062723c751e8b465ee728b) (PreviewImporter) -> (artifact id: 'a76ec52cd2fbd5b0b1145040d7c9c065') in 0.0196476 seconds
Number of updated asset objects reloaded before import = 0Number of asset objects unloaded after import = 10

========================================================================
Received Import Request.
  Time since last request: 16.886203 seconds.
  path: Assets/ArtTest/Materials/M_M14_Magma.mat
  artifactKey: Guid(03b518485b9eb1a44ae00f03f9f2d6db) Importer(815301076,1909f56bfc062723c751e8b465ee728b)
Start importing Assets/ArtTest/Materials/M_M14_Magma.mat using Guid(03b518485b9eb1a44ae00f03f9f2d6db) Importer(815301076,1909f56bfc062723c751e8b465ee728b) (PreviewImporter) -> (artifact id: '5c19e8d5222f4d80a5e363ede2544795') in 0.0179494 seconds
Number of updated asset objects reloaded before import = 0Number of asset objects unloaded after import = 10

========================================================================
Received Import Request.
  Time since last request: 21.137479 seconds.
  path: Assets/ArtTest/Materials/M_M14_Magma.mat
  artifactKey: Guid(03b518485b9eb1a44ae00f03f9f2d6db) Importer(815301076,1909f56bfc062723c751e8b465ee728b)
Start importing Assets/ArtTest/Materials/M_M14_Magma.mat using Guid(03b518485b9eb1a44ae00f03f9f2d6db) Importer(815301076,1909f56bfc062723c751e8b465ee728b) (PreviewImporter) -> (artifact id: '4db8811809a4b098f8e8d3c4bf20f062') in 0.0150851 seconds
Number of updated asset objects reloaded before import = 0Number of asset objects unloaded after import = 10

========================================================================
Received Import Request.
  Time since last request: 10.405922 seconds.
  path: Assets/ArtTest/Prefabs/Maloran3518 (2).prefab
  artifactKey: Guid(e188bb7503d9aad4b826791904323ef3) Importer(815301076,1909f56bfc062723c751e8b465ee728b)
Start importing Assets/ArtTest/Prefabs/Maloran3518 (2).prefab using Guid(e188bb7503d9aad4b826791904323ef3) Importer(815301076,1909f56bfc062723c751e8b465ee728b) (PreviewImporter) -> (artifact id: '8916844703e34d1538e13aee2ab1161b') in 0.0431212 seconds
Number of updated asset objects reloaded before import = 0Number of asset objects unloaded after import = 96

========================================================================
Received Import Request.
  Time since last request: 171.492536 seconds.
  path: Assets/ArtTest/Prefabs/Maloran3518 (2).prefab
  artifactKey: Guid(e188bb7503d9aad4b826791904323ef3) Importer(815301076,1909f56bfc062723c751e8b465ee728b)
Start importing Assets/ArtTest/Prefabs/Maloran3518 (2).prefab using Guid(e188bb7503d9aad4b826791904323ef3) Importer(815301076,1909f56bfc062723c751e8b465ee728b) (PreviewImporter) -> (artifact id: '161fbd707fa2f6d3a74d87ed502005e9') in 0.0410492 seconds
Number of updated asset objects reloaded before import = 0Number of asset objects unloaded after import = 95

