Using pre-set license
Built from '6000.1/staging' branch; Version is '6000.1.1f1 (7197418f847b) revision 7444289'; Using compiler version '194234433'; Build Type 'Release'
OS: 'Windows 11  (10.0.26100) 64bit Professional' Language: 'en' Physical Memory: 65371 MB
BatchMode: 1, IsHumanControllingUs: 0, StartBugReporterOnCrash: 0, Is64bit: 1, IsPro: 1
Date: 2025-05-07T16:30:17Z

COMMAND LINE ARGUMENTS:
C:\Program Files\Unity\Hub\Editor\6000.1.1f1\Editor\Unity.exe
-adb2
-batchMode
-noUpm
-name
AssetImportWorker2
-projectPath
C:/Users/Admin/Desktop/ArtTest
-logFile
Logs/AssetImportWorker2.log
-srvPort
55345
-job-worker-count
7
-background-job-worker-count
8
-gc-helper-count
1
-name
AssetImport
Successfully changed project path to: C:/Users/Admin/Desktop/ArtTest
C:/Users/Admin/Desktop/ArtTest
[UnityMemory] Configuration Parameters - Can be set up in boot.config
    "memorysetup-allocator-temp-initial-block-size-main=262144"
    "memorysetup-allocator-temp-initial-block-size-worker=262144"
    "memorysetup-bucket-allocator-granularity=16"
    "memorysetup-bucket-allocator-bucket-count=8"
    "memorysetup-bucket-allocator-block-size=33554432"
    "memorysetup-bucket-allocator-block-count=8"
    "memorysetup-main-allocator-block-size=16777216"
    "memorysetup-thread-allocator-block-size=16777216"
    "memorysetup-gfx-main-allocator-block-size=16777216"
    "memorysetup-gfx-thread-allocator-block-size=16777216"
    "memorysetup-cache-allocator-block-size=4194304"
    "memorysetup-typetree-allocator-block-size=2097152"
    "memorysetup-profiler-bucket-allocator-granularity=16"
    "memorysetup-profiler-bucket-allocator-bucket-count=8"
    "memorysetup-profiler-bucket-allocator-block-size=33554432"
    "memorysetup-profiler-bucket-allocator-block-count=8"
    "memorysetup-profiler-allocator-block-size=16777216"
    "memorysetup-profiler-editor-allocator-block-size=1048576"
    "memorysetup-temp-allocator-size-main=16777216"
    "memorysetup-job-temp-allocator-block-size=2097152"
    "memorysetup-job-temp-allocator-block-size-background=1048576"
    "memorysetup-job-temp-allocator-reduction-small-platforms=262144"
    "memorysetup-temp-allocator-size-background-worker=32768"
    "memorysetup-temp-allocator-size-job-worker=262144"
    "memorysetup-temp-allocator-size-preload-manager=33554432"
    "memorysetup-temp-allocator-size-nav-mesh-worker=65536"
    "memorysetup-temp-allocator-size-audio-worker=65536"
    "memorysetup-temp-allocator-size-cloud-worker=32768"
    "memorysetup-temp-allocator-size-gi-baking-worker=262144"
    "memorysetup-temp-allocator-size-gi-baking-worker=262144"
    "memorysetup-temp-allocator-size-gi-baking-worker=262144"
    "memorysetup-temp-allocator-size-gi-baking-worker=262144"
    "memorysetup-temp-allocator-size-gi-baking-worker=262144"
    "memorysetup-temp-allocator-size-gfx=262144"
Player connection [13984]  Target information:

Player connection [13984]  * "[IP] 192.168.1.6 [Port] 0 [Flags] 2 [Guid] 4155638360 [EditorId] 4155638360 [Version] 1048832 [Id] WindowsEditor(7,PhuongPhung) [Debug] 1 [PackageName] WindowsEditor [ProjectName] Editor" 

Player connection [13984] Host joined multi-casting on [225.0.0.222:54997]...
Player connection [13984] Host joined alternative multi-casting on [225.0.0.222:34997]...
JobSystem: Creating JobQueue using job-worker-count value 7
Input System module state changed to: Initialized.
[Physics::Module] Initialized fallback backend.
[Physics::Module] Id: 0xdecafbad
Library Redirect Path: Library/
[Physics::Module] Selected backend.
[Physics::Module] Name: PhysX
[Physics::Module] Id: 0xf2b8ea05
[Physics::Module] SDK Version: 4.1.2
[Physics::Module] Integration Version: 1.0.0
[Physics::Module] Threading Mode: Multi-Threaded
Refreshing native plugins compatible for Editor in 1.72 ms, found 3 plugins.
Preloading 0 native plugins for Editor in 0.00 ms.
Initialize engine version: 6000.1.1f1 (7197418f847b)
[Subsystems] Discovering subsystems at path C:/Program Files/Unity/Hub/Editor/6000.1.1f1/Editor/Data/Resources/UnitySubsystems
[Subsystems] Discovering subsystems at path C:/Users/Admin/Desktop/ArtTest/Assets
GfxDevice: creating device client; kGfxThreadingModeNonThreaded
Direct3D:
    Version:         Direct3D 12 [level 12.1]
    Renderer:        NVIDIA GeForce RTX 4070 (ID=0x2786)
    Vendor:          NVIDIA
    VRAM:            12012 MB
    App VRAM Budget: 11244 MB
    Driver:          32.0.15.6094
Initialize mono
Mono path[0] = 'C:/Program Files/Unity/Hub/Editor/6000.1.1f1/Editor/Data/Managed'
Mono path[1] = 'C:/Program Files/Unity/Hub/Editor/6000.1.1f1/Editor/Data/MonoBleedingEdge/lib/mono/unityjit-win32'
Mono config path = 'C:/Program Files/Unity/Hub/Editor/6000.1.1f1/Editor/Data/MonoBleedingEdge/etc'
Using monoOptions --debugger-agent=transport=dt_socket,embedding=1,server=y,suspend=n,address=127.0.0.1:56904
Begin MonoManager ReloadAssembly
Registering precompiled unity dll's ...
Register platform support module: C:/Program Files/Unity/Hub/Editor/6000.1.1f1/Editor/Data/PlaybackEngines/WebGLSupport/UnityEditor.WebGL.Extensions.dll
Register platform support module: C:/Program Files/Unity/Hub/Editor/6000.1.1f1/Editor/Data/PlaybackEngines/WindowsStandaloneSupport/UnityEditor.WindowsStandalone.Extensions.dll
Registered in 0.001158 seconds.
- Loaded All Assemblies, in  0.325 seconds
Native extension for WindowsStandalone target not found
Native extension for WebGL target not found
Mono: successfully reloaded assembly
- Finished resetting the current domain, in  0.287 seconds
Domain Reload Profiling: 611ms
	BeginReloadAssembly (112ms)
		ExecutionOrderSort (0ms)
		DisableScriptedObjects (0ms)
		BackupInstance (0ms)
		ReleaseScriptingObjects (0ms)
		CreateAndSetChildDomain (1ms)
	RebuildCommonClasses (29ms)
	RebuildNativeTypeToScriptingClass (14ms)
	initialDomainReloadingComplete (38ms)
	LoadAllAssembliesAndSetupDomain (130ms)
		LoadAssemblies (110ms)
		RebuildTransferFunctionScriptingTraits (0ms)
		AnalyzeDomain (127ms)
			TypeCache.Refresh (126ms)
				TypeCache.ScanAssembly (115ms)
			BuildScriptInfoCaches (0ms)
			ResolveRequiredComponents (0ms)
	FinalizeReload (288ms)
		ReleaseScriptCaches (0ms)
		RebuildScriptCaches (0ms)
		SetupLoadedEditorAssemblies (249ms)
			LogAssemblyErrors (0ms)
			InitializePlatformSupportModulesInManaged (49ms)
			SetLoadedEditorAssemblies (3ms)
			BeforeProcessingInitializeOnLoad (49ms)
			ProcessInitializeOnLoadAttributes (105ms)
			ProcessInitializeOnLoadMethodAttributes (43ms)
			AfterProcessingInitializeOnLoad (0ms)
			EditorAssembliesLoaded (0ms)
		ExecutionOrderSort2 (0ms)
		AwakeInstancesAfterBackupRestoration (0ms)
========================================================================
Worker process is ready to serve import requests
Import Worker Mode flag is 0x00
Begin MonoManager ReloadAssembly
- Loaded All Assemblies, in  0.606 seconds
Refreshing native plugins compatible for Editor in 0.57 ms, found 3 plugins.
Native extension for WindowsStandalone target not found
Native extension for WebGL target not found
Mono: successfully reloaded assembly
- Finished resetting the current domain, in  0.580 seconds
Domain Reload Profiling: 1184ms
	BeginReloadAssembly (135ms)
		ExecutionOrderSort (0ms)
		DisableScriptedObjects (6ms)
		BackupInstance (0ms)
		ReleaseScriptingObjects (0ms)
		CreateAndSetChildDomain (22ms)
	RebuildCommonClasses (33ms)
	RebuildNativeTypeToScriptingClass (9ms)
	initialDomainReloadingComplete (32ms)
	LoadAllAssembliesAndSetupDomain (395ms)
		LoadAssemblies (276ms)
		RebuildTransferFunctionScriptingTraits (0ms)
		AnalyzeDomain (195ms)
			TypeCache.Refresh (144ms)
				TypeCache.ScanAssembly (132ms)
			BuildScriptInfoCaches (38ms)
			ResolveRequiredComponents (9ms)
	FinalizeReload (581ms)
		ReleaseScriptCaches (0ms)
		RebuildScriptCaches (0ms)
		SetupLoadedEditorAssemblies (431ms)
			LogAssemblyErrors (0ms)
			InitializePlatformSupportModulesInManaged (2ms)
			SetLoadedEditorAssemblies (3ms)
			BeforeProcessingInitializeOnLoad (91ms)
			ProcessInitializeOnLoadAttributes (288ms)
			ProcessInitializeOnLoadMethodAttributes (43ms)
			AfterProcessingInitializeOnLoad (4ms)
			EditorAssembliesLoaded (0ms)
		ExecutionOrderSort2 (0ms)
		AwakeInstancesAfterBackupRestoration (5ms)
Launched and connected shader compiler UnityShaderCompiler.exe after 0.01 seconds
Refreshing native plugins compatible for Editor in 0.89 ms, found 3 plugins.
Preloading 0 native plugins for Editor in 0.00 ms.
Unloading 230 Unused Serialized files (Serialized files now loaded: 0)
Unloading 6003 unused Assets / (4.2 MB). Loaded Objects now: 6732.
Memory consumption went from 254.9 MB to 250.7 MB.
Total: 6.165700 ms (FindLiveObjects: 0.460100 ms CreateObjectMapping: 0.299600 ms MarkObjects: 3.607500 ms  DeleteObjects: 1.797700 ms)

========================================================================
Received Prepare
Begin MonoManager ReloadAssembly
- Loaded All Assemblies, in  0.535 seconds
Refreshing native plugins compatible for Editor in 0.50 ms, found 3 plugins.
Native extension for WindowsStandalone target not found
Native extension for WebGL target not found
Mono: successfully reloaded assembly
- Finished resetting the current domain, in  0.624 seconds
Domain Reload Profiling: 1159ms
	BeginReloadAssembly (153ms)
		ExecutionOrderSort (0ms)
		DisableScriptedObjects (4ms)
		BackupInstance (0ms)
		ReleaseScriptingObjects (0ms)
		CreateAndSetChildDomain (39ms)
	RebuildCommonClasses (30ms)
	RebuildNativeTypeToScriptingClass (15ms)
	initialDomainReloadingComplete (21ms)
	LoadAllAssembliesAndSetupDomain (317ms)
		LoadAssemblies (256ms)
		RebuildTransferFunctionScriptingTraits (0ms)
		AnalyzeDomain (131ms)
			TypeCache.Refresh (5ms)
				TypeCache.ScanAssembly (0ms)
			BuildScriptInfoCaches (114ms)
			ResolveRequiredComponents (9ms)
	FinalizeReload (625ms)
		ReleaseScriptCaches (0ms)
		RebuildScriptCaches (0ms)
		SetupLoadedEditorAssemblies (465ms)
			LogAssemblyErrors (0ms)
			InitializePlatformSupportModulesInManaged (2ms)
			SetLoadedEditorAssemblies (4ms)
			BeforeProcessingInitializeOnLoad (87ms)
			ProcessInitializeOnLoadAttributes (312ms)
			ProcessInitializeOnLoadMethodAttributes (54ms)
			AfterProcessingInitializeOnLoad (4ms)
			EditorAssembliesLoaded (0ms)
		ExecutionOrderSort2 (0ms)
		AwakeInstancesAfterBackupRestoration (15ms)
Refreshing native plugins compatible for Editor in 0.83 ms, found 3 plugins.
Preloading 0 native plugins for Editor in 0.00 ms.
Unloading 22 Unused Serialized files (Serialized files now loaded: 0)
Unloading 5999 unused Assets / (4.5 MB). Loaded Objects now: 6747.
Memory consumption went from 228.1 MB to 223.6 MB.
Total: 7.577200 ms (FindLiveObjects: 0.616400 ms CreateObjectMapping: 0.431900 ms MarkObjects: 4.049000 ms  DeleteObjects: 2.478500 ms)

Prepare: number of updated asset objects reloaded= 0
========================================================================
Received Import Request.
  Time since last request: 1642508.567809 seconds.
  path: Assets/Polytope Studio/Lowpoly_Weapons/Animations/PT_Bow_01_anim.fbx
  artifactKey: Guid(d1aa0f1723229f343af5a87ebe6aa65a) Importer(815301076,1909f56bfc062723c751e8b465ee728b)
Start importing Assets/Polytope Studio/Lowpoly_Weapons/Animations/PT_Bow_01_anim.fbx using Guid(d1aa0f1723229f343af5a87ebe6aa65a) Importer(815301076,1909f56bfc062723c751e8b465ee728b) (PreviewImporter) -> (artifact id: '2161ad12dd645644983b49e70218b9ec') in 0.0490965 seconds
Number of updated asset objects reloaded before import = 0Number of asset objects unloaded after import = 25

========================================================================
Received Import Request.
  Time since last request: 0.000015 seconds.
  path: Assets/Polytope Studio/Lowpoly_Weapons/Animations/PT_Bow_04_anim.fbx
  artifactKey: Guid(4b59ad7d12df6444c9fe5a31f4439ff0) Importer(815301076,1909f56bfc062723c751e8b465ee728b)
Start importing Assets/Polytope Studio/Lowpoly_Weapons/Animations/PT_Bow_04_anim.fbx using Guid(4b59ad7d12df6444c9fe5a31f4439ff0) Importer(815301076,1909f56bfc062723c751e8b465ee728b) (PreviewImporter) -> (artifact id: '8fefae321eda91e7d826da5cb84c8d82') in 0.0030931 seconds
Number of updated asset objects reloaded before import = 0Number of asset objects unloaded after import = 25

========================================================================
Received Import Request.
  Time since last request: 0.000013 seconds.
  path: Assets/Polytope Studio/Lowpoly_Weapons/Animations/PT_Bow_03_anim.fbx
  artifactKey: Guid(85c2da5719958a8488eebf866496bbd9) Importer(815301076,1909f56bfc062723c751e8b465ee728b)
Start importing Assets/Polytope Studio/Lowpoly_Weapons/Animations/PT_Bow_03_anim.fbx using Guid(85c2da5719958a8488eebf866496bbd9) Importer(815301076,1909f56bfc062723c751e8b465ee728b) (PreviewImporter) -> (artifact id: 'bd20dab5ebb38baf4f80e41d50acdae8') in 0.0028956 seconds
Number of updated asset objects reloaded before import = 0Number of asset objects unloaded after import = 25

========================================================================
Received Import Request.
  Time since last request: 11.885231 seconds.
  path: Assets/Polytope Studio/Lowpoly_Characters/Prefabs/Modular_Armors/PT_Lowpoly_Armors_Male_Moduar_Free.prefab
  artifactKey: Guid(23f907c94ad92894495c02b43a563c6f) Importer(815301076,1909f56bfc062723c751e8b465ee728b)
Start importing Assets/Polytope Studio/Lowpoly_Characters/Prefabs/Modular_Armors/PT_Lowpoly_Armors_Male_Moduar_Free.prefab using Guid(23f907c94ad92894495c02b43a563c6f) Importer(815301076,1909f56bfc062723c751e8b465ee728b) (PreviewImporter) -> (artifact id: 'ca7bc9ac556464594f3fbaebbf96e0d7') in 0.5243615 seconds
Number of updated asset objects reloaded before import = 0Number of asset objects unloaded after import = 296

========================================================================
Received Import Request.
  Time since last request: 520.286029 seconds.
  path: Assets/Polytope Studio/Lowpoly_Characters/Sources/Modular_Armors/Meshes/Separate_Parts/PT_Female_Armor_01_A_cape.fbx
  artifactKey: Guid(f3c001ee6949dd5449df2c39bbd40095) Importer(815301076,1909f56bfc062723c751e8b465ee728b)
Start importing Assets/Polytope Studio/Lowpoly_Characters/Sources/Modular_Armors/Meshes/Separate_Parts/PT_Female_Armor_01_A_cape.fbx using Guid(f3c001ee6949dd5449df2c39bbd40095) Importer(815301076,1909f56bfc062723c751e8b465ee728b) (PreviewImporter) -> (artifact id: '5e3aaa3bf3ebe16cfba3797d8ce181f9') in 0.0721289 seconds
Number of updated asset objects reloaded before import = 0Number of asset objects unloaded after import = 174

========================================================================
Received Import Request.
  Time since last request: 0.000042 seconds.
  path: Assets/Polytope Studio/Lowpoly_Characters/Sources/Modular_Armors/Meshes/Separate_Parts/PT_Female_Armor_01_A_gauntlets.fbx
  artifactKey: Guid(39c545d587e135743a3e5baf74fa301a) Importer(815301076,1909f56bfc062723c751e8b465ee728b)
Start importing Assets/Polytope Studio/Lowpoly_Characters/Sources/Modular_Armors/Meshes/Separate_Parts/PT_Female_Armor_01_A_gauntlets.fbx using Guid(39c545d587e135743a3e5baf74fa301a) Importer(815301076,1909f56bfc062723c751e8b465ee728b) (PreviewImporter) -> (artifact id: 'e2a825f757fc7c9f32b6ff626c4c1ab4') in 0.0239487 seconds
Number of updated asset objects reloaded before import = 0Number of asset objects unloaded after import = 174

========================================================================
Received Import Request.
  Time since last request: 0.000026 seconds.
  path: Assets/Polytope Studio/Lowpoly_Characters/Sources/Modular_Armors/Meshes/Separate_Parts/PT_Male_Armor_05_C_legs.fbx
  artifactKey: Guid(4d54dd1e3f13c7c4e90430c5aa72c45f) Importer(815301076,1909f56bfc062723c751e8b465ee728b)
Start importing Assets/Polytope Studio/Lowpoly_Characters/Sources/Modular_Armors/Meshes/Separate_Parts/PT_Male_Armor_05_C_legs.fbx using Guid(4d54dd1e3f13c7c4e90430c5aa72c45f) Importer(815301076,1909f56bfc062723c751e8b465ee728b) (PreviewImporter) -> (artifact id: '20a596ed996cddea2034b576d7c69de4') in 0.0358341 seconds
Number of updated asset objects reloaded before import = 0Number of asset objects unloaded after import = 174

========================================================================
Received Import Request.
  Time since last request: 0.000024 seconds.
  path: Assets/Polytope Studio/Lowpoly_Characters/Sources/Modular_Armors/Meshes/Separate_Parts/PT_Male_Armor_01_A_cape.fbx
  artifactKey: Guid(693366c6ce624d640ab2260dfa30f659) Importer(815301076,1909f56bfc062723c751e8b465ee728b)
Start importing Assets/Polytope Studio/Lowpoly_Characters/Sources/Modular_Armors/Meshes/Separate_Parts/PT_Male_Armor_01_A_cape.fbx using Guid(693366c6ce624d640ab2260dfa30f659) Importer(815301076,1909f56bfc062723c751e8b465ee728b) (PreviewImporter) -> (artifact id: '8bbd4829f7b78bcc489f4729013ecb10') in 0.0309463 seconds
Number of updated asset objects reloaded before import = 0Number of asset objects unloaded after import = 174

========================================================================
Received Import Request.
  Time since last request: 0.000032 seconds.
  path: Assets/Polytope Studio/Lowpoly_Characters/Sources/Modular_Armors/Meshes/Separate_Parts/PT_Male_Armor_05_C_body.fbx
  artifactKey: Guid(2e57b71a46f8d644f87f34c1dd7ffd60) Importer(815301076,1909f56bfc062723c751e8b465ee728b)
Start importing Assets/Polytope Studio/Lowpoly_Characters/Sources/Modular_Armors/Meshes/Separate_Parts/PT_Male_Armor_05_C_body.fbx using Guid(2e57b71a46f8d644f87f34c1dd7ffd60) Importer(815301076,1909f56bfc062723c751e8b465ee728b) (PreviewImporter) -> (artifact id: '220114cc92f7cdc5d9d6a72d2080783c') in 0.0417927 seconds
Number of updated asset objects reloaded before import = 0Number of asset objects unloaded after import = 174

========================================================================
Received Import Request.
  Time since last request: 0.000032 seconds.
  path: Assets/Polytope Studio/Lowpoly_Characters/Sources/Modular_Armors/Meshes/Separate_Parts/PT_Male_Armor_01_A_boots.fbx
  artifactKey: Guid(24ea26da8c8ca9849ad6d96ca2d28aed) Importer(815301076,1909f56bfc062723c751e8b465ee728b)
Start importing Assets/Polytope Studio/Lowpoly_Characters/Sources/Modular_Armors/Meshes/Separate_Parts/PT_Male_Armor_01_A_boots.fbx using Guid(24ea26da8c8ca9849ad6d96ca2d28aed) Importer(815301076,1909f56bfc062723c751e8b465ee728b) (PreviewImporter) -> (artifact id: '49f860c3969564ecce40e9b24a694acb') in 0.0308384 seconds
Number of updated asset objects reloaded before import = 0Number of asset objects unloaded after import = 174

========================================================================
Received Import Request.
  Time since last request: 0.000024 seconds.
  path: Assets/Polytope Studio/Lowpoly_Characters/Sources/Modular_Armors/Meshes/Separate_Parts/PT_Female_Armor_05_C_body.fbx
  artifactKey: Guid(19290ff456fcb03459883525adaf7dee) Importer(815301076,1909f56bfc062723c751e8b465ee728b)
Start importing Assets/Polytope Studio/Lowpoly_Characters/Sources/Modular_Armors/Meshes/Separate_Parts/PT_Female_Armor_05_C_body.fbx using Guid(19290ff456fcb03459883525adaf7dee) Importer(815301076,1909f56bfc062723c751e8b465ee728b) (PreviewImporter) -> (artifact id: '3a458032c848e79e91f286d0bd9e6798') in 0.0355736 seconds
Number of updated asset objects reloaded before import = 0Number of asset objects unloaded after import = 174

========================================================================
Received Import Request.
  Time since last request: 0.000022 seconds.
  path: Assets/Polytope Studio/Lowpoly_Characters/Sources/Modular_Armors/Meshes/Separate_Parts/PT_Female_Armor_05_C_legs.fbx
  artifactKey: Guid(250dbec7e556f2d44ba10bbab313e688) Importer(815301076,1909f56bfc062723c751e8b465ee728b)
Start importing Assets/Polytope Studio/Lowpoly_Characters/Sources/Modular_Armors/Meshes/Separate_Parts/PT_Female_Armor_05_C_legs.fbx using Guid(250dbec7e556f2d44ba10bbab313e688) Importer(815301076,1909f56bfc062723c751e8b465ee728b) (PreviewImporter) -> (artifact id: 'eeb824e4c33efd55783a87875292a745') in 0.0480904 seconds
Number of updated asset objects reloaded before import = 0Number of asset objects unloaded after import = 174

========================================================================
Received Import Request.
  Time since last request: 0.000029 seconds.
  path: Assets/Polytope Studio/Lowpoly_Characters/Sources/Modular_Armors/Meshes/Separate_Parts/PT_Female_Armor_cloth_00_gauntlets.fbx
  artifactKey: Guid(bf6caf34280d5dd41967e1b2043a7e41) Importer(815301076,1909f56bfc062723c751e8b465ee728b)
Start importing Assets/Polytope Studio/Lowpoly_Characters/Sources/Modular_Armors/Meshes/Separate_Parts/PT_Female_Armor_cloth_00_gauntlets.fbx using Guid(bf6caf34280d5dd41967e1b2043a7e41) Importer(815301076,1909f56bfc062723c751e8b465ee728b) (PreviewImporter) -> (artifact id: 'f1864032a143a41e872887edb53e4d34') in 0.0288878 seconds
Number of updated asset objects reloaded before import = 0Number of asset objects unloaded after import = 174

========================================================================
Received Import Request.
  Time since last request: 0.000035 seconds.
  path: Assets/Polytope Studio/Lowpoly_Characters/Sources/Modular_Armors/Meshes/Separate_Parts/PT_Male_Armor_05_C_helmet.fbx
  artifactKey: Guid(e11a45cac5e4aa644a822ae651fa6e0b) Importer(815301076,1909f56bfc062723c751e8b465ee728b)
Start importing Assets/Polytope Studio/Lowpoly_Characters/Sources/Modular_Armors/Meshes/Separate_Parts/PT_Male_Armor_05_C_helmet.fbx using Guid(e11a45cac5e4aa644a822ae651fa6e0b) Importer(815301076,1909f56bfc062723c751e8b465ee728b) (PreviewImporter) -> (artifact id: '3d8155ed5a37ac82e0511c99806aae28') in 0.0275332 seconds
Number of updated asset objects reloaded before import = 0Number of asset objects unloaded after import = 174

========================================================================
Received Import Request.
  Time since last request: 0.000021 seconds.
  path: Assets/Polytope Studio/Lowpoly_Characters/Sources/Modular_Armors/Meshes/Separate_Parts/PT_Female_Armor_05_C_helmet.fbx
  artifactKey: Guid(712969c6e24572145bb8f4fdfebc687d) Importer(815301076,1909f56bfc062723c751e8b465ee728b)
Start importing Assets/Polytope Studio/Lowpoly_Characters/Sources/Modular_Armors/Meshes/Separate_Parts/PT_Female_Armor_05_C_helmet.fbx using Guid(712969c6e24572145bb8f4fdfebc687d) Importer(815301076,1909f56bfc062723c751e8b465ee728b) (PreviewImporter) -> (artifact id: '77b766211e0b4939c4bc46839d8070ed') in 0.0283333 seconds
Number of updated asset objects reloaded before import = 0Number of asset objects unloaded after import = 174

========================================================================
Received Import Request.
  Time since last request: 0.000027 seconds.
  path: Assets/Polytope Studio/Lowpoly_Characters/Sources/Modular_Armors/Meshes/Separate_Parts/PT_Male_Armor_beard_20.fbx
  artifactKey: Guid(08a4cd535f1169744bccbf89740bb64f) Importer(815301076,1909f56bfc062723c751e8b465ee728b)
Start importing Assets/Polytope Studio/Lowpoly_Characters/Sources/Modular_Armors/Meshes/Separate_Parts/PT_Male_Armor_beard_20.fbx using Guid(08a4cd535f1169744bccbf89740bb64f) Importer(815301076,1909f56bfc062723c751e8b465ee728b) (PreviewImporter) -> (artifact id: '17a133017ab8bf1f6eae33481a0b60ba') in 0.0276567 seconds
Number of updated asset objects reloaded before import = 0Number of asset objects unloaded after import = 174

========================================================================
Received Import Request.
  Time since last request: 0.000027 seconds.
  path: Assets/Polytope Studio/Lowpoly_Characters/Sources/Modular_Armors/Meshes/Separate_Parts/PT_Male_Armor_beard_01.fbx
  artifactKey: Guid(b43fd528db799e54cbf6467c8d25f03a) Importer(815301076,1909f56bfc062723c751e8b465ee728b)
Start importing Assets/Polytope Studio/Lowpoly_Characters/Sources/Modular_Armors/Meshes/Separate_Parts/PT_Male_Armor_beard_01.fbx using Guid(b43fd528db799e54cbf6467c8d25f03a) Importer(815301076,1909f56bfc062723c751e8b465ee728b) (PreviewImporter) -> (artifact id: 'cf3942d9b41ebdf814143a335282363c') in 0.0265867 seconds
Number of updated asset objects reloaded before import = 0Number of asset objects unloaded after import = 174

========================================================================
Received Import Request.
  Time since last request: 0.000025 seconds.
  path: Assets/Polytope Studio/Lowpoly_Characters/Sources/Modular_Armors/Meshes/Separate_Parts/PT_Male_Armor_01_A_legs.fbx
  artifactKey: Guid(7b307b9dd3880b3438a0635e135ff960) Importer(815301076,1909f56bfc062723c751e8b465ee728b)
Start importing Assets/Polytope Studio/Lowpoly_Characters/Sources/Modular_Armors/Meshes/Separate_Parts/PT_Male_Armor_01_A_legs.fbx using Guid(7b307b9dd3880b3438a0635e135ff960) Importer(815301076,1909f56bfc062723c751e8b465ee728b) (PreviewImporter) -> (artifact id: 'c8892db2df3c85854ba0f951cc1a6fd7') in 0.0289948 seconds
Number of updated asset objects reloaded before import = 0Number of asset objects unloaded after import = 174

========================================================================
Received Import Request.
  Time since last request: 0.000036 seconds.
  path: Assets/Polytope Studio/Lowpoly_Characters/Sources/Modular_Armors/Meshes/Separate_Parts/PT_Male_Armor_05_C_boots.fbx
  artifactKey: Guid(2f52d8a6913146149a4883f840e52061) Importer(815301076,1909f56bfc062723c751e8b465ee728b)
Start importing Assets/Polytope Studio/Lowpoly_Characters/Sources/Modular_Armors/Meshes/Separate_Parts/PT_Male_Armor_05_C_boots.fbx using Guid(2f52d8a6913146149a4883f840e52061) Importer(815301076,1909f56bfc062723c751e8b465ee728b) (PreviewImporter) -> (artifact id: 'a470d78b6433efae3dc0eada42ba2771') in 0.0276685 seconds
Number of updated asset objects reloaded before import = 0Number of asset objects unloaded after import = 174

========================================================================
Received Import Request.
  Time since last request: 11.433785 seconds.
  path: Assets/Polytope Studio/Lowpoly_Characters/Sources/Modular_Armors/Meshes/Separate_Parts/PT_Male_Armor_cloth_00_legs.fbx
  artifactKey: Guid(0ff00be3e6db84345afdfd11216675d0) Importer(815301076,1909f56bfc062723c751e8b465ee728b)
Start importing Assets/Polytope Studio/Lowpoly_Characters/Sources/Modular_Armors/Meshes/Separate_Parts/PT_Male_Armor_cloth_00_legs.fbx using Guid(0ff00be3e6db84345afdfd11216675d0) Importer(815301076,1909f56bfc062723c751e8b465ee728b) (PreviewImporter) -> (artifact id: '7a162acaa99b2f2ddbf603a3774815b5') in 0.0327246 seconds
Number of updated asset objects reloaded before import = 0Number of asset objects unloaded after import = 174

Editor requested this worker to shutdown with reason: Scaling down because of idle timeout
AssetImportWorker is now disconnected from the server
Process exiting
Exiting without the bug reporter. Application will terminate with return code 0